<?xml version="1.0" encoding="UTF-8"?>
<testng-results skipped="0" failed="0" total="1" passed="1">
  <reporter-output>
    <line>
      <![CDATA[The Browser is opened]]>
    </line>
    <line>
      <![CDATA[GadgetsNow is opened]]>
    </line>
    <line>
      <![CDATA[The Browser is Maximised]]>
    </line>
    <line>
      <![CDATA[Application closed]]>
    </line>
  </reporter-output>
  <suite name="Suite" duration-ms="30370" started-at="2020-01-31T11:13:40Z" finished-at="2020-01-31T11:14:10Z">
    <groups>
    </groups>
    <test name="GadgetsNow" duration-ms="30370" started-at="2020-01-31T11:13:40Z" finished-at="2020-01-31T11:14:10Z">
      <class name="desktop_tests.Baseclass_desktop">
        <test-method status="PASS" signature="UrlLaunch()[pri:0, instance:desktop_tests.Baseclass_desktop@22f71333]" name="UrlLaunch" is-config="true" duration-ms="29018" started-at="2020-01-31T16:43:40Z" finished-at="2020-01-31T16:44:09Z">
          <reporter-output>
            <line>
              <![CDATA[The Browser is opened]]>
            </line>
            <line>
              <![CDATA[GadgetsNow is opened]]>
            </line>
            <line>
              <![CDATA[The Browser is Maximised]]>
            </line>
          </reporter-output>
        </test-method> <!-- UrlLaunch -->
        <test-method status="PASS" signature="popup()[pri:0, instance:desktop_tests.Baseclass_desktop@22f71333]" name="popup" duration-ms="774" started-at="2020-01-31T16:44:09Z" finished-at="2020-01-31T16:44:10Z">
          <reporter-output>
          </reporter-output>
        </test-method> <!-- popup -->
        <test-method status="PASS" signature="closebrowser()[pri:0, instance:desktop_tests.Baseclass_desktop@22f71333]" name="closebrowser" is-config="true" duration-ms="560" started-at="2020-01-31T16:44:10Z" finished-at="2020-01-31T16:44:10Z">
          <reporter-output>
            <line>
              <![CDATA[Application closed]]>
            </line>
          </reporter-output>
        </test-method> <!-- closebrowser -->
      </class> <!-- desktop_tests.Baseclass_desktop -->
    </test> <!-- GadgetsNow -->
  </suite> <!-- Suite -->
</testng-results>
