<?xml version="1.0" encoding="UTF-8"?>
<testng-results skipped="0" failed="0" total="1" passed="1">
  <reporter-output>
  </reporter-output>
  <suite name="Suite" duration-ms="9615" started-at="2020-01-31T11:45:06Z" finished-at="2020-01-31T11:45:16Z">
    <groups>
    </groups>
    <test name="Test" duration-ms="9615" started-at="2020-01-31T11:45:06Z" finished-at="2020-01-31T11:45:16Z">
      <class name="tests.Baseclass">
        <test-method status="PASS" signature="UrlLaunch()[pri:0, instance:tests.Baseclass@22f71333]" name="UrlLaunch" is-config="true" duration-ms="8901" started-at="2020-01-31T17:15:06Z" finished-at="2020-01-31T17:15:15Z">
          <reporter-output>
          </reporter-output>
        </test-method> <!-- UrlLaunch -->
        <test-method status="PASS" signature="popup()[pri:0, instance:tests.Baseclass@22f71333]" name="popup" duration-ms="350" started-at="2020-01-31T17:15:15Z" finished-at="2020-01-31T17:15:16Z">
          <reporter-output>
          </reporter-output>
        </test-method> <!-- popup -->
        <test-method status="PASS" signature="closebrowser()[pri:0, instance:tests.Baseclass@22f71333]" name="closebrowser" is-config="true" duration-ms="336" started-at="2020-01-31T17:15:16Z" finished-at="2020-01-31T17:15:16Z">
          <reporter-output>
          </reporter-output>
        </test-method> <!-- closebrowser -->
      </class> <!-- tests.Baseclass -->
    </test> <!-- Test -->
  </suite> <!-- Suite -->
</testng-results>
